# JRE version: Java(TM) SE Runtime Environment (8.0_231-b11) (build 1.8.0_231-b11)
# Java VM: Java HotSpot(TM) 64-Bit Server VM (25.231-b11 mixed mode windows-amd64 compressed oops)
Heap:
 PSYoungGen      total 136192K, used 39848K [0x00000000d6000000, 0x00000000dea00000, 0x0000000100000000)
  eden space 131072K, 26% used [0x00000000d6000000,0x00000000d81f22f8,0x00000000de000000)
  from space 5120K, 99% used [0x00000000de500000,0x00000000de9f8050,0x00000000dea00000)
  to   space 5120K, 0% used [0x00000000de000000,0x00000000de000000,0x00000000de500000)
 ParOldGen       total 70656K, used 34197K [0x0000000082000000, 0x0000000086500000, 0x00000000d6000000)
  object space 70656K, 48% used [0x0000000082000000,0x00000000841655d8,0x0000000086500000)
 Metaspace       used 53703K, capacity 56078K, committed 56448K, reserved 1097728K
  class space    used 7380K, capacity 7801K, committed 7808K, reserved 1048576K
GC Heap History (10 events):
Event: 9.055 GC heap before
{Heap before GC invocations=8 (full 1):
 PSYoungGen      total 136192K, used 60521K [0x00000000d6000000, 0x00000000dea00000, 0x0000000100000000)
  eden space 131072K, 42% used [0x00000000d6000000,0x00000000d961cec8,0x00000000de000000)
  from space 5120K, 99% used [0x00000000de500000,0x00000000de9fd6e0,0x00000000dea00000)
  to   space 5120K, 0% used [0x00000000de000000,0x00000000de000000,0x00000000de500000)
 ParOldGen       total 48640K, used 15298K [0x0000000082000000, 0x0000000084f80000, 0x00000000d6000000)
  object space 48640K, 31% used [0x0000000082000000,0x0000000082ef0980,0x0000000084f80000)
 Metaspace       used 33886K, capacity 35294K, committed 35456K, reserved 1079296K
  class space    used 4584K, capacity 4879K, committed 4992K, reserved 1048576K
Event: 9.075 GC heap after
Heap after GC invocations=8 (full 1):
 PSYoungGen      total 136192K, used 5104K [0x00000000d6000000, 0x00000000dea00000, 0x0000000100000000)
  eden space 131072K, 0% used [0x00000000d6000000,0x00000000d6000000,0x00000000de000000)
  from space 5120K, 99% used [0x00000000de000000,0x00000000de4fc020,0x00000000de500000)
  to   space 5120K, 0% used [0x00000000de500000,0x00000000de500000,0x00000000dea00000)
 ParOldGen       total 48640K, used 19776K [0x0000000082000000, 0x0000000084f80000, 0x00000000d6000000)
  object space 48640K, 40% used [0x0000000082000000,0x0000000083350040,0x0000000084f80000)
 Metaspace       used 33886K, capacity 35294K, committed 35456K, reserved 1079296K
  class space    used 4584K, capacity 4879K, committed 4992K, reserved 1048576K
}
Event: 9.075 GC heap before
{Heap before GC invocations=9 (full 2):
 PSYoungGen      total 136192K, used 5104K [0x00000000d6000000, 0x00000000dea00000, 0x0000000100000000)
  eden space 131072K, 0% used [0x00000000d6000000,0x00000000d6000000,0x00000000de000000)
  from space 5120K, 99% used [0x00000000de000000,0x00000000de4fc020,0x00000000de500000)
  to   space 5120K, 0% used [0x00000000de500000,0x00000000de500000,0x00000000dea00000)
 ParOldGen       total 48640K, used 19776K [0x0000000082000000, 0x0000000084f80000, 0x00000000d6000000)
  object space 48640K, 40% used [0x0000000082000000,0x0000000083350040,0x0000000084f80000)
 Metaspace       used 33886K, capacity 35294K, committed 35456K, reserved 1079296K
  class space    used 4584K, capacity 4879K, committed 4992K, reserved 1048576K
Event: 9.190 GC heap after
Heap after GC invocations=9 (full 2):
 PSYoungGen      total 136192K, used 0K [0x00000000d6000000, 0x00000000dea00000, 0x0000000100000000)
  eden space 131072K, 0% used [0x00000000d6000000,0x00000000d6000000,0x00000000de000000)
  from space 5120K, 0% used [0x00000000de000000,0x00000000de000000,0x00000000de500000)
  to   space 5120K, 0% used [0x00000000de500000,0x00000000de500000,0x00000000dea00000)
 ParOldGen       total 70656K, used 17410K [0x0000000082000000, 0x0000000086500000, 0x00000000d6000000)
  object space 70656K, 24% used [0x0000000082000000,0x0000000083100a58,0x0000000086500000)
 Metaspace       used 33886K, capacity 35294K, committed 35456K, reserved 1079296K
  class space    used 4584K, capacity 4879K, committed 4992K, reserved 1048576K
}
Event: 10.501 GC heap before
{Heap before GC invocations=10 (full 2):
 PSYoungGen      total 136192K, used 131072K [0x00000000d6000000, 0x00000000dea00000, 0x0000000100000000)
  eden space 131072K, 100% used [0x00000000d6000000,0x00000000de000000,0x00000000de000000)
  from space 5120K, 0% used [0x00000000de000000,0x00000000de000000,0x00000000de500000)
  to   space 5120K, 0% used [0x00000000de500000,0x00000000de500000,0x00000000dea00000)
 ParOldGen       total 70656K, used 17410K [0x0000000082000000, 0x0000000086500000, 0x00000000d6000000)
  object space 70656K, 24% used [0x0000000082000000,0x0000000083100a58,0x0000000086500000)
 Metaspace       used 39004K, capacity 40942K, committed 41216K, reserved 1085440K
  class space    used 5250K, capacity 5601K, committed 5632K, reserved 1048576K
Event: 10.513 GC heap after
Heap after GC invocations=10 (full 2):
 PSYoungGen      total 136192K, used 5088K [0x00000000d6000000, 0x00000000dea00000, 0x0000000100000000)
  eden space 131072K, 0% used [0x00000000d6000000,0x00000000d6000000,0x00000000de000000)
  from space 5120K, 99% used [0x00000000de500000,0x00000000de9f8328,0x00000000dea00000)
  to   space 5120K, 0% used [0x00000000de000000,0x00000000de000000,0x00000000de500000)
 ParOldGen       total 70656K, used 19883K [0x0000000082000000, 0x0000000086500000, 0x00000000d6000000)
  object space 70656K, 28% used [0x0000000082000000,0x000000008336acf0,0x0000000086500000)
 Metaspace       used 39004K, capacity 40942K, committed 41216K, reserved 1085440K
  class space    used 5250K, capacity 5601K, committed 5632K, reserved 1048576K
}
Event: 13.082 GC heap before
{Heap before GC invocations=11 (full 2):
 PSYoungGen      total 136192K, used 136160K [0x00000000d6000000, 0x00000000dea00000, 0x0000000100000000)
  eden space 131072K, 100% used [0x00000000d6000000,0x00000000de000000,0x00000000de000000)
  from space 5120K, 99% used [0x00000000de500000,0x00000000de9f8328,0x00000000dea00000)
  to   space 5120K, 0% used [0x00000000de000000,0x00000000de000000,0x00000000de500000)
 ParOldGen       total 70656K, used 19883K [0x0000000082000000, 0x0000000086500000, 0x00000000d6000000)
  object space 70656K, 28% used [0x0000000082000000,0x000000008336acf0,0x0000000086500000)
 Metaspace       used 41645K, capacity 43868K, committed 44032K, reserved 1087488K
  class space    used 5618K, capacity 6026K, committed 6144K, reserved 1048576K
Event: 13.099 GC heap after
Heap after GC invocations=11 (full 2):
 PSYoungGen      total 136192K, used 5096K [0x00000000d6000000, 0x00000000dea00000, 0x0000000100000000)
  eden space 131072K, 0% used [0x00000000d6000000,0x00000000d6000000,0x00000000de000000)
  from space 5120K, 99% used [0x00000000de000000,0x00000000de4fa2f8,0x00000000de500000)
  to   space 5120K, 0% used [0x00000000de500000,0x00000000de500000,0x00000000dea00000)
 ParOldGen       total 70656K, used 24485K [0x0000000082000000, 0x0000000086500000, 0x00000000d6000000)
  object space 70656K, 34% used [0x0000000082000000,0x00000000837e97a0,0x0000000086500000)
 Metaspace       used 41645K, capacity 43868K, committed 44032K, reserved 1087488K
  class space    used 5618K, capacity 6026K, committed 6144K, reserved 1048576K
}
Event: 14.338 GC heap before
{Heap before GC invocations=12 (full 2):
 PSYoungGen      total 136192K, used 136168K [0x00000000d6000000, 0x00000000dea00000, 0x0000000100000000)
  eden space 131072K, 100% used [0x00000000d6000000,0x00000000de000000,0x00000000de000000)
  from space 5120K, 99% used [0x00000000de000000,0x00000000de4fa2f8,0x00000000de500000)
  to   space 5120K, 0% used [0x00000000de500000,0x00000000de500000,0x00000000dea00000)
 ParOldGen       total 70656K, used 24485K [0x0000000082000000, 0x0000000086500000, 0x00000000d6000000)
  object space 70656K, 34% used [0x0000000082000000,0x00000000837e97a0,0x0000000086500000)
 Metaspace       used 51240K, capacity 53580K, committed 53888K, reserved 1095680K
  class space    used 7074K, capacity 7506K, committed 7552K, reserved 1048576K
Event: 14.362 GC heap after
Heap after GC invocations=12 (full 2):
 PSYoungGen      total 136192K, used 5088K [0x00000000d6000000, 0x00000000dea00000, 0x0000000100000000)
  eden space 131072K, 0% used [0x00000000d6000000,0x00000000d6000000,0x00000000de000000)
  from space 5120K, 99% used [0x00000000de500000,0x00000000de9f8050,0x00000000dea00000)
  to   space 5120K, 0% used [0x00000000de000000,0x00000000de000000,0x00000000de500000)
 ParOldGen       total 70656K, used 34197K [0x0000000082000000, 0x0000000086500000, 0x00000000d6000000)
  object space 70656K, 48% used [0x0000000082000000,0x00000000841655d8,0x0000000086500000)
 Metaspace       used 51240K, capacity 53580K, committed 53888K, reserved 1095680K
  class space    used 7074K, capacity 7506K, committed 7552K, reserved 1048576K
}

